# JRE version: Java(TM) SE Runtime Environment (8.0_131-b11) (build 1.8.0_131-b11)
# Java VM: Java HotSpot(TM) Client VM (25.131-b11 mixed mode windows-x86 )
Heap:
 def new generation   total 7488K, used 3176K [0x05800000, 0x06010000, 0x0ad50000)
  eden space 6720K,  39% used [0x05800000, 0x05a99288, 0x05e90000)
  from space 768K,  67% used [0x05f50000, 0x05fd0e98, 0x06010000)
  to   space 768K,   0% used [0x05e90000, 0x05e90000, 0x05f50000)
 tenured generation   total 16320K, used 10362K [0x0ad50000, 0x0bd40000, 0x15800000)
   the space 16320K,  63% used [0x0ad50000, 0x0b76e950, 0x0b76ea00, 0x0bd40000)
 Metaspace       used 24173K, capacity 24894K, committed 24960K, reserved 28032K
GC Heap History (10 events):
Event: 2.642 GC heap before
{Heap before GC invocations=54 (full 2):
 def new generation   total 5056K, used 5000K [0x05800000, 0x05d70000, 0x0ad50000)
  eden space 4544K, 100% used [0x05800000, 0x05c70000, 0x05c70000)
  from space 512K,  89% used [0x05c70000, 0x05ce23f0, 0x05cf0000)
  to   space 512K,   0% used [0x05cf0000, 0x05cf0000, 0x05d70000)
 tenured generation   total 10944K, used 10774K [0x0ad50000, 0x0b800000, 0x15800000)
   the space 10944K,  98% used [0x0ad50000, 0x0b7d5b08, 0x0b7d5c00, 0x0b800000)
 Metaspace       used 22322K, capacity 22971K, committed 23040K, reserved 23936K
Event: 2.644 GC heap after
Heap after GC invocations=55 (full 2):
 def new generation   total 5056K, used 511K [0x05800000, 0x05d70000, 0x0ad50000)
  eden space 4544K,   0% used [0x05800000, 0x05800000, 0x05c70000)
  from space 512K,  99% used [0x05cf0000, 0x05d6ff88, 0x05d70000)
  to   space 512K,   0% used [0x05c70000, 0x05c70000, 0x05cf0000)
 tenured generation   total 10944K, used 10906K [0x0ad50000, 0x0b800000, 0x15800000)
   the space 10944K,  99% used [0x0ad50000, 0x0b7f6970, 0x0b7f6a00, 0x0b800000)
 Metaspace       used 22322K, capacity 22971K, committed 23040K, reserved 23936K
}
Event: 2.678 GC heap before
{Heap before GC invocations=55 (full 2):
 def new generation   total 5056K, used 5054K [0x05800000, 0x05d70000, 0x0ad50000)
  eden space 4544K,  99% used [0x05800000, 0x05c6fc08, 0x05c70000)
  from space 512K,  99% used [0x05cf0000, 0x05d6ff88, 0x05d70000)
  to   space 512K,   0% used [0x05c70000, 0x05c70000, 0x05cf0000)
 tenured generation   total 10944K, used 10906K [0x0ad50000, 0x0b800000, 0x15800000)
   the space 10944K,  99% used [0x0ad50000, 0x0b7f6970, 0x0b7f6a00, 0x0b800000)
 Metaspace       used 22643K, capacity 23291K, committed 23296K, reserved 23936K
Event: 2.699 GC heap after
Heap after GC invocations=56 (full 3):
 def new generation   total 7488K, used 0K [0x05800000, 0x06010000, 0x0ad50000)
  eden space 6720K,   0% used [0x05800000, 0x05800000, 0x05e90000)
  from space 768K,   0% used [0x05e90000, 0x05e90000, 0x05f50000)
  to   space 768K,   0% used [0x05f50000, 0x05f50000, 0x06010000)
 tenured generation   total 16320K, used 9790K [0x0ad50000, 0x0bd40000, 0x15800000)
   the space 16320K,  59% used [0x0ad50000, 0x0b6df880, 0x0b6dfa00, 0x0bd40000)
 Metaspace       used 22639K, capacity 23281K, committed 23296K, reserved 23936K
}
Event: 2.740 GC heap before
{Heap before GC invocations=56 (full 3):
 def new generation   total 7488K, used 6720K [0x05800000, 0x06010000, 0x0ad50000)
  eden space 6720K, 100% used [0x05800000, 0x05e90000, 0x05e90000)
  from space 768K,   0% used [0x05e90000, 0x05e90000, 0x05f50000)
  to   space 768K,   0% used [0x05f50000, 0x05f50000, 0x06010000)
 tenured generation   total 16320K, used 9790K [0x0ad50000, 0x0bd40000, 0x15800000)
   the space 16320K,  59% used [0x0ad50000, 0x0b6df880, 0x0b6dfa00, 0x0bd40000)
 Metaspace       used 23229K, capacity 23857K, committed 23936K, reserved 23936K
Event: 2.742 GC heap after
Heap after GC invocations=57 (full 3):
 def new generation   total 7488K, used 767K [0x05800000, 0x06010000, 0x0ad50000)
  eden space 6720K,   0% used [0x05800000, 0x05800000, 0x05e90000)
  from space 768K,  99% used [0x05f50000, 0x0600fff8, 0x06010000)
  to   space 768K,   0% used [0x05e90000, 0x05e90000, 0x05f50000)
 tenured generation   total 16320K, used 10040K [0x0ad50000, 0x0bd40000, 0x15800000)
   the space 16320K,  61% used [0x0ad50000, 0x0b71e270, 0x0b71e400, 0x0bd40000)
 Metaspace       used 23229K, capacity 23857K, committed 23936K, reserved 23936K
}
Event: 4.306 GC heap before
{Heap before GC invocations=57 (full 3):
 def new generation   total 7488K, used 7487K [0x05800000, 0x06010000, 0x0ad50000)
  eden space 6720K, 100% used [0x05800000, 0x05e90000, 0x05e90000)
  from space 768K,  99% used [0x05f50000, 0x0600fff8, 0x06010000)
  to   space 768K,   0% used [0x05e90000, 0x05e90000, 0x05f50000)
 tenured generation   total 16320K, used 10040K [0x0ad50000, 0x0bd40000, 0x15800000)
   the space 16320K,  61% used [0x0ad50000, 0x0b71e270, 0x0b71e400, 0x0bd40000)
 Metaspace       used 23761K, capacity 24409K, committed 24448K, reserved 24960K
Event: 4.308 GC heap after
Heap after GC invocations=58 (full 3):
 def new generation   total 7488K, used 724K [0x05800000, 0x06010000, 0x0ad50000)
  eden space 6720K,   0% used [0x05800000, 0x05800000, 0x05e90000)
  from space 768K,  94% used [0x05e90000, 0x05f45000, 0x05f50000)
  to   space 768K,   0% used [0x05f50000, 0x05f50000, 0x06010000)
 tenured generation   total 16320K, used 10109K [0x0ad50000, 0x0bd40000, 0x15800000)
   the space 16320K,  61% used [0x0ad50000, 0x0b72f538, 0x0b72f600, 0x0bd40000)
 Metaspace       used 23761K, capacity 24409K, committed 24448K, reserved 24960K
}
Event: 21.323 GC heap before
{Heap before GC invocations=58 (full 3):
 def new generation   total 7488K, used 7444K [0x05800000, 0x06010000, 0x0ad50000)
  eden space 6720K, 100% used [0x05800000, 0x05e90000, 0x05e90000)
  from space 768K,  94% used [0x05e90000, 0x05f45000, 0x05f50000)
  to   space 768K,   0% used [0x05f50000, 0x05f50000, 0x06010000)
 tenured generation   total 16320K, used 10109K [0x0ad50000, 0x0bd40000, 0x15800000)
   the space 16320K,  61% used [0x0ad50000, 0x0b72f538, 0x0b72f600, 0x0bd40000)
 Metaspace       used 23998K, capacity 24686K, committed 24704K, reserved 24960K
Event: 21.326 GC heap after
Heap after GC invocations=59 (full 3):
 def new generation   total 7488K, used 515K [0x05800000, 0x06010000, 0x0ad50000)
  eden space 6720K,   0% used [0x05800000, 0x05800000, 0x05e90000)
  from space 768K,  67% used [0x05f50000, 0x05fd0e98, 0x06010000)
  to   space 768K,   0% used [0x05e90000, 0x05e90000, 0x05f50000)
 tenured generation   total 16320K, used 10362K [0x0ad50000, 0x0bd40000, 0x15800000)
   the space 16320K,  63% used [0x0ad50000, 0x0b76e950, 0x0b76ea00, 0x0bd40000)
 Metaspace       used 23998K, capacity 24686K, committed 24704K, reserved 24960K
}

